timestamp: 2016-02-15T17:28:44.943823
CREATE TABLE auth_user(
    id INTEGER PRIMARY KEY AUTOINCREMENT,
    first_name CHAR(128),
    last_name CHAR(128),
    email CHAR(512),
    password CHAR(512),
    registration_key CHAR(512),
    reset_password_key CHAR(512),
    registration_id CHAR(512)
);
success!
timestamp: 2016-02-15T17:28:45.145647
CREATE TABLE auth_group(
    id INTEGER PRIMARY KEY AUTOINCREMENT,
    role CHAR(512),
    description TEXT
);
success!
timestamp: 2016-02-15T17:28:45.246327
CREATE TABLE auth_membership(
    id INTEGER PRIMARY KEY AUTOINCREMENT,
    user_id INTEGER REFERENCES auth_user (id) ON DELETE CASCADE,
    group_id INTEGER REFERENCES auth_group (id) ON DELETE CASCADE
);
success!
timestamp: 2016-02-15T17:28:45.357742
CREATE TABLE auth_permission(
    id INTEGER PRIMARY KEY AUTOINCREMENT,
    group_id INTEGER REFERENCES auth_group (id) ON DELETE CASCADE,
    name CHAR(512),
    table_name CHAR(512),
    record_id INTEGER
);
success!
timestamp: 2016-02-15T17:28:45.492623
CREATE TABLE auth_event(
    id INTEGER PRIMARY KEY AUTOINCREMENT,
    time_stamp TIMESTAMP,
    client_ip CHAR(512),
    user_id INTEGER REFERENCES auth_user (id) ON DELETE CASCADE,
    origin CHAR(512),
    description TEXT
);
success!
timestamp: 2016-02-15T17:28:45.615513
CREATE TABLE auth_cas(
    id INTEGER PRIMARY KEY AUTOINCREMENT,
    user_id INTEGER REFERENCES auth_user (id) ON DELETE CASCADE,
    created_on TIMESTAMP,
    service CHAR(512),
    ticket CHAR(512),
    renew CHAR(1)
);
success!
timestamp: 2016-02-15T17:28:45.716269
CREATE TABLE users(
    id INTEGER PRIMARY KEY AUTOINCREMENT,
    first_name CHAR(128),
    last_name CHAR(128),
    email CHAR(128) UNIQUE,
    username CHAR(100) UNIQUE,
    entry_no CHAR(100) UNIQUE,
    type_ INTEGER,
    password CHAR(512),
    registration_key CHAR(512),
    reset_password_key CHAR(512),
    registration_id CHAR(512)
);
success!
timestamp: 2016-02-15T17:28:45.815093
CREATE TABLE user_group(
    id INTEGER PRIMARY KEY AUTOINCREMENT,
    role CHAR(512),
    description TEXT
);
success!
timestamp: 2016-02-15T17:28:45.950200
CREATE TABLE user_membership(
    id INTEGER PRIMARY KEY AUTOINCREMENT,
    user_id INTEGER REFERENCES users (id) ON DELETE CASCADE,
    group_id INTEGER REFERENCES user_group (id) ON DELETE CASCADE
);
success!
timestamp: 2016-02-15T17:28:46.072924
CREATE TABLE user_permission(
    id INTEGER PRIMARY KEY AUTOINCREMENT,
    group_id INTEGER REFERENCES user_group (id) ON DELETE CASCADE,
    name CHAR(512),
    table_name CHAR(512),
    record_id INTEGER
);
success!
timestamp: 2016-02-15T17:28:46.184279
CREATE TABLE user_event(
    id INTEGER PRIMARY KEY AUTOINCREMENT,
    time_stamp TIMESTAMP,
    client_ip CHAR(512),
    user_id INTEGER REFERENCES users (id) ON DELETE CASCADE,
    origin CHAR(512),
    description TEXT
);
success!
timestamp: 2016-02-15T17:28:46.318126
CREATE TABLE static_vars(
    id INTEGER PRIMARY KEY AUTOINCREMENT,
    name CHAR(512) UNIQUE,
    int_value INTEGER,
    string_value CHAR(512)
);
success!
timestamp: 2016-02-15T17:28:46.441618
CREATE TABLE user_vars(
    id INTEGER PRIMARY KEY AUTOINCREMENT,
    user_id INTEGER REFERENCES users (id) ON DELETE CASCADE,
    name CHAR(512),
    int_value INTEGER,
    string_value CHAR(512)
);
success!
timestamp: 2016-02-15T17:28:46.576348
CREATE TABLE courses(
    id INTEGER PRIMARY KEY AUTOINCREMENT,
    name CHAR(512),
    code CHAR(512),
    description CHAR(512),
    credits INTEGER,
    l_t_p CHAR(512)
);
success!
timestamp: 2016-02-15T17:28:46.723149
CREATE TABLE registered_courses(
    id INTEGER PRIMARY KEY AUTOINCREMENT,
    course_id INTEGER REFERENCES courses (id) ON DELETE CASCADE,
    professor INTEGER REFERENCES users (id) ON DELETE CASCADE,
    year_ INTEGER,
    semester INTEGER,
    starting_date TIMESTAMP,
    ending_date TIMESTAMP
);
success!
timestamp: 2016-02-15T17:28:46.843227
CREATE TABLE student_registrations(
    id INTEGER PRIMARY KEY AUTOINCREMENT,
    student_id INTEGER REFERENCES users (id) ON DELETE CASCADE,
    registered_course_id INTEGER REFERENCES registered_courses (id) ON DELETE CASCADE
);
success!
timestamp: 2016-02-15T17:28:46.977038
CREATE TABLE ta_registrations(
    id INTEGER PRIMARY KEY AUTOINCREMENT,
    user_id INTEGER REFERENCES users (id) ON DELETE CASCADE,
    registered_course_id INTEGER REFERENCES registered_courses (id) ON DELETE CASCADE
);
success!
timestamp: 2016-02-15T17:28:47.128115
CREATE TABLE events(
    id INTEGER PRIMARY KEY AUTOINCREMENT,
    registered_course_id INTEGER REFERENCES registered_courses (id) ON DELETE CASCADE,
    type_ INTEGER,
    name CHAR(512),
    description CHAR(512),
    created_at TIMESTAMP,
    deadline TIMESTAMP,
    late_days_allowed INTEGER,
    file_ CHAR(512)
);
success!
timestamp: 2016-02-15T17:28:47.245579
CREATE TABLE grades(
    id INTEGER PRIMARY KEY AUTOINCREMENT,
    registered_course_id INTEGER REFERENCES registered_courses (id) ON DELETE CASCADE,
    user_id INTEGER REFERENCES users (id) ON DELETE CASCADE,
    name CHAR(512),
    score DOUBLE,
    out_of DOUBLE,
    weightage DOUBLE
);
success!
timestamp: 2016-02-15T17:28:47.370893
CREATE TABLE resources(
    id INTEGER PRIMARY KEY AUTOINCREMENT,
    registered_course_id INTEGER REFERENCES registered_courses (id) ON DELETE CASCADE,
    user_id INTEGER REFERENCES users (id) ON DELETE CASCADE,
    is_public INTEGER,
    name CHAR(512),
    file_ CHAR(512),
    created_at TIMESTAMP
);
success!
timestamp: 2016-02-15T17:28:47.493975
CREATE TABLE submissions(
    id INTEGER PRIMARY KEY AUTOINCREMENT,
    user_id INTEGER REFERENCES users (id) ON DELETE CASCADE,
    event_id INTEGER REFERENCES events (id) ON DELETE CASCADE,
    name CHAR(512),
    file_ CHAR(512),
    created_at TIMESTAMP
);
success!
timestamp: 2016-02-15T17:28:47.627523
CREATE TABLE threads(
    id INTEGER PRIMARY KEY AUTOINCREMENT,
    user_id INTEGER REFERENCES users (id) ON DELETE CASCADE,
    registered_course_id INTEGER REFERENCES registered_courses (id) ON DELETE CASCADE,
    created_at TIMESTAMP,
    updated_at TIMESTAMP,
    title CHAR(512),
    description CHAR(512)
);
success!
timestamp: 2016-02-15T17:28:47.760231
CREATE TABLE notifications(
    id INTEGER PRIMARY KEY AUTOINCREMENT,
    user_id INTEGER REFERENCES users (id) ON DELETE CASCADE,
    description CHAR(512),
    is_seen INTEGER,
    created_at TIMESTAMP
);
success!
timestamp: 2016-02-15T17:28:47.873014
CREATE TABLE comments(
    id INTEGER PRIMARY KEY AUTOINCREMENT,
    thread_id INTEGER REFERENCES threads (id) ON DELETE CASCADE,
    user_id INTEGER REFERENCES users (id) ON DELETE CASCADE,
    description CHAR(512),
    created_at TIMESTAMP
);
success!
timestamp: 2016-03-12T20:04:09.405000
CREATE TABLE himanshu(
    id INTEGER PRIMARY KEY AUTOINCREMENT,
    thread_id INTEGER REFERENCES threads (id) ON DELETE CASCADE,
    user_id INTEGER REFERENCES users (id) ON DELETE CASCADE,
    problem CHAR(512),
    description CHAR(512),
    created_at TIMESTAMP
);
success!
success!
success!
success!
success!
success!
success!
success!
success!
success!
success!
success!
success!
success!
success!
timestamp: 2016-03-12T20:15:23.389000
CREATE TABLE comments2(
    id INTEGER PRIMARY KEY AUTOINCREMENT,
    thread_id INTEGER REFERENCES threads (id) ON DELETE CASCADE,
    user_id INTEGER REFERENCES users (id) ON DELETE CASCADE,
    description CHAR(512),
    created_at TIMESTAMP
);
success!
timestamp: 2016-03-12T20:18:23.294000
CREATE TABLE grades2(
    id INTEGER PRIMARY KEY AUTOINCREMENT,
    registered_course_id INTEGER REFERENCES registered_courses (id) ON DELETE CASCADE,
    user_id INTEGER REFERENCES users (id) ON DELETE CASCADE,
    name CHAR(512),
    score DOUBLE,
    out_of DOUBLE,
    weightage DOUBLE
);
success!
success!
success!
success!
success!
success!
success!
success!
success!
success!
success!
success!
success!
success!
success!
success!
timestamp: 2016-03-12T20:23:08.683000
ALTER TABLE grades2 ADD description CHAR(512);
timestamp: 2016-03-12T20:23:08.872000
ALTER TABLE grades2 ADD problem CHAR(512);
success!
success!
success!
success!
success!
success!
success!
success!
success!
success!
success!
success!
success!
success!
success!
success!
success!
success!
success!
success!
success!
success!
success!
success!
success!
success!
success!
success!
success!
success!
success!
success!
success!
success!
success!
success!
success!
success!
success!
success!
success!
success!
success!
success!
success!
success!
success!
success!
success!
success!
success!
success!
success!
success!
success!
success!
success!
success!
success!
success!
success!
success!
success!
success!
success!
success!
success!
success!
success!
success!
success!
success!
success!
success!
success!
success!
success!
success!
success!
success!
success!
success!
success!
success!
success!
success!
success!
success!
success!
success!
success!
success!
success!
success!
success!
success!
success!
success!
success!
success!
success!
success!
success!
success!
success!
success!
success!
success!
success!
success!
success!
success!
success!
success!
success!
success!
success!
success!
success!
success!
success!
success!
success!
success!
success!
success!
success!
success!
success!
success!
success!
success!
success!
success!
success!
success!
success!
success!
success!
success!
success!
success!
success!
success!
success!
success!
success!
success!
success!
success!
success!
success!
success!
success!
success!
success!
success!
success!
success!
success!
success!
success!
success!
success!
success!
success!
success!
success!
success!
success!
success!
success!
success!
success!
success!
success!
success!
success!
success!
success!
success!
success!
success!
success!
success!
success!
success!
success!
success!
success!
success!
success!
success!
success!
success!
success!
success!
success!
success!
success!
success!
success!
success!
success!
success!
success!
success!
success!
success!
success!
success!
success!
success!
success!
success!
success!
success!
success!
success!
success!
success!
success!
success!
success!
success!
success!
success!
success!
success!
success!
success!
success!
success!
success!
success!
success!
success!
success!
success!
success!
success!
success!
success!
success!
success!
success!
success!
success!
success!
success!
success!
success!
success!
success!
success!
success!
success!
success!
success!
success!
success!
success!
success!
success!
success!
success!
success!
success!
success!
success!
success!
success!
success!
success!
success!
success!
success!
success!
success!
success!
success!
success!
success!
success!
success!
success!
success!
success!
success!
success!
success!
success!
success!
success!
success!
success!
success!
success!
success!
success!
success!
success!
success!
success!
success!
success!
success!
success!
success!
