[2016-03-12 20:03:43] START
[2016-03-12 20:03:43] EDIT MoodlePlus/models/db.py: 8
[2016-03-12 20:09:39] EDIT MoodlePlus/controllers/default.py: 6
[2016-03-12 20:11:05] EDIT MoodlePlus/controllers/default.py: 0
[2016-03-12 20:11:12] EDIT MoodlePlus/controllers/default.py: 0
[2016-03-12 20:11:30] EDIT MoodlePlus/models/db.py: -2
[2016-03-12 20:11:31] EDIT MoodlePlus/models/db.py: 0
[2016-03-12 20:11:32] EDIT MoodlePlus/models/db.py: 0
[2016-03-12 20:11:40] EDIT MoodlePlus/models/db.py: 0
[2016-03-12 20:13:13] EDIT MoodlePlus/controllers/default.py: -7
[2016-03-12 20:14:15] EDIT MoodlePlus/controllers/default.py: 6
[2016-03-12 20:15:18] EDIT MoodlePlus/models/db.py: 1
[2016-03-12 20:15:28] EDIT MoodlePlus/controllers/default.py: -6
[2016-03-12 20:16:02] EDIT MoodlePlus/controllers/default.py: 0
[2016-03-12 20:18:14] EDIT MoodlePlus/models/db.py: 2
[2016-03-12 20:18:50] EDIT MoodlePlus/controllers/default.py: 1
[2016-03-12 20:18:52] EDIT MoodlePlus/controllers/default.py: 0
[2016-03-12 20:19:13] EDIT MoodlePlus/models/db.py: -1
[2016-03-12 20:19:16] EDIT MoodlePlus/controllers/default.py: 0
[2016-03-12 20:19:21] EDIT MoodlePlus/controllers/default.py: 0
[2016-03-12 20:19:40] EDIT MoodlePlus/controllers/default.py: 0
[2016-03-12 20:19:47] EDIT MoodlePlus/controllers/default.py: 0
[2016-03-12 20:19:52] EDIT MoodlePlus/controllers/default.py: 0
[2016-03-12 20:20:01] EDIT MoodlePlus/controllers/default.py: 0
[2016-03-12 20:20:27] EDIT MoodlePlus/controllers/default.py: 0
[2016-03-12 20:20:51] EDIT MoodlePlus/controllers/default.py: 0
[2016-03-12 20:21:10] EDIT MoodlePlus/controllers/default.py: 0
[2016-03-12 20:21:52] EDIT MoodlePlus/controllers/default.py: 0
[2016-03-12 20:22:56] EDIT MoodlePlus/models/db.py: 0
[2016-03-12 20:23:10] EDIT MoodlePlus/models/db.py: -2
[2016-03-12 20:23:12] EDIT MoodlePlus/controllers/default.py: 0
[2016-03-12 20:23:14] EDIT MoodlePlus/controllers/default.py: 0
[2016-03-12 20:23:47] EDIT MoodlePlus/controllers/default.py: 3
[2016-03-12 20:24:18] EDIT MoodlePlus/controllers/default.py: 0
[2016-03-12 20:24:19] EDIT MoodlePlus/controllers/default.py: 0
[2016-03-12 20:24:19] EDIT MoodlePlus/controllers/default.py: 0
[2016-03-12 20:24:21] EDIT MoodlePlus/controllers/default.py: 0
[2016-03-12 20:24:22] EDIT MoodlePlus/controllers/default.py: 0
[2016-03-12 20:24:22] EDIT MoodlePlus/controllers/default.py: 0
[2016-03-12 20:24:23] EDIT MoodlePlus/controllers/default.py: 0
[2016-03-12 21:26:57] EDIT MoodlePlus/controllers/default.py: 0
[2016-03-12 21:33:14] EDIT MoodlePlus/models/db.py: 0
[2016-03-12 21:33:29] EDIT MoodlePlus/controllers/default.py: -2
[2016-03-12 21:33:32] EDIT MoodlePlus/controllers/default.py: 0
[2016-03-12 21:34:32] EDIT MoodlePlus/controllers/default.py: 3
