[2016-03-12 22:12:24] START
[2016-03-12 22:24:23] EDIT database/models/db.py: 13
[2016-03-12 22:26:41] EDIT database/models/db.py: -6
[2016-03-12 22:27:04] EDIT database/models/db.py: 0
[2016-03-12 22:28:34] EDIT database/models/db.py: 0
[2016-03-12 22:29:11] EDIT database/models/db.py: -7
[2016-03-12 22:29:54] EDIT database/models/db.py: 6
[2016-03-12 22:31:51] EDIT database/controllers/default.py: 9
[2016-03-12 22:31:58] EDIT database/controllers/default.py: -4
[2016-03-12 22:32:00] EDIT database/controllers/default.py: 0
[2016-03-12 22:32:41] EDIT database/controllers/default.py: 0
[2016-03-12 22:32:54] EDIT database/controllers/default.py: 0
[2016-03-12 22:33:58] EDIT database/controllers/default.py: -5
[2016-03-12 22:34:55] EDIT database/controllers/default.py: 5
[2016-03-12 22:34:57] EDIT database/controllers/default.py: 0
[2016-03-12 22:40:32] EDIT database/controllers/default.py: 3
[2016-03-12 22:40:59] EDIT database/controllers/default.py: 0
[2016-03-12 22:42:49] EDIT database/controllers/default.py: 17
[2016-03-12 23:56:56] EDIT database/controllers/default.py: 0
[2016-03-12 23:58:53] EDIT database/controllers/default.py: 1
[2016-03-13 00:04:18] EDIT database/models/db.py: 7
[2016-03-13 00:09:14] EDIT database/controllers/default.py: 70
[2016-03-13 00:12:50] EDIT database/controllers/default.py: 0
[2016-03-13 00:17:45] EDIT database/controllers/default.py: 0
[2016-03-13 00:19:35] EDIT database/controllers/default.py: -1
